Start testing: Jun 19 14:45 EDT
----------------------------------------------------------
1/3 Testing: HilbertTest.toHilbert2D
1/3 Test: HilbertTest.toHilbert2D
Command: "/home/milianingco/Research/SBS/build/gtests/sbstests" "--gtest_filter=HilbertTest.toHilbert2D" "--gtest_also_run_disabled_tests"
Directory: /home/milianingco/Research/SBS/build/gtests
"HilbertTest.toHilbert2D" start time: Jun 19 14:45 EDT
Output:
----------------------------------------------------------
Running main() from /home/milianingco/Research/SBS/build/_deps/googletest-src/googletest/src/gtest_main.cc
Note: Google Test filter = HilbertTest.toHilbert2D
[==========] Running 1 test from 1 test suite.
[----------] Global test environment set-up.
[----------] 1 test from HilbertTest
[ RUN      ] HilbertTest.toHilbert2D
[       OK ] HilbertTest.toHilbert2D (0 ms)
[----------] 1 test from HilbertTest (0 ms total)

[----------] Global test environment tear-down
[==========] 1 test from 1 test suite ran. (0 ms total)
[  PASSED  ] 1 test.
<end of output>
Test time =   0.00 sec
----------------------------------------------------------
Test Passed.
"HilbertTest.toHilbert2D" end time: Jun 19 14:45 EDT
"HilbertTest.toHilbert2D" time elapsed: 00:00:00
----------------------------------------------------------

2/3 Testing: HilbertTest.toHilbert1D
2/3 Test: HilbertTest.toHilbert1D
Command: "/home/milianingco/Research/SBS/build/gtests/sbstests" "--gtest_filter=HilbertTest.toHilbert1D" "--gtest_also_run_disabled_tests"
Directory: /home/milianingco/Research/SBS/build/gtests
"HilbertTest.toHilbert1D" start time: Jun 19 14:45 EDT
Output:
----------------------------------------------------------
Running main() from /home/milianingco/Research/SBS/build/_deps/googletest-src/googletest/src/gtest_main.cc
Note: Google Test filter = HilbertTest.toHilbert1D
[==========] Running 1 test from 1 test suite.
[----------] Global test environment set-up.
[----------] 1 test from HilbertTest
[ RUN      ] HilbertTest.toHilbert1D
[       OK ] HilbertTest.toHilbert1D (0 ms)
[----------] 1 test from HilbertTest (0 ms total)

[----------] Global test environment tear-down
[==========] 1 test from 1 test suite ran. (0 ms total)
[  PASSED  ] 1 test.
<end of output>
Test time =   0.00 sec
----------------------------------------------------------
Test Passed.
"HilbertTest.toHilbert1D" end time: Jun 19 14:45 EDT
"HilbertTest.toHilbert1D" time elapsed: 00:00:00
----------------------------------------------------------

3/3 Testing: HilbertTest.toHilbertMat
3/3 Test: HilbertTest.toHilbertMat
Command: "/home/milianingco/Research/SBS/build/gtests/sbstests" "--gtest_filter=HilbertTest.toHilbertMat" "--gtest_also_run_disabled_tests"
Directory: /home/milianingco/Research/SBS/build/gtests
"HilbertTest.toHilbertMat" start time: Jun 19 14:45 EDT
Output:
----------------------------------------------------------
Running main() from /home/milianingco/Research/SBS/build/_deps/googletest-src/googletest/src/gtest_main.cc
Note: Google Test filter = HilbertTest.toHilbertMat
[==========] Running 1 test from 1 test suite.
[----------] Global test environment set-up.
[----------] 1 test from HilbertTest
[ RUN      ] HilbertTest.toHilbertMat
[       OK ] HilbertTest.toHilbertMat (0 ms)
[----------] 1 test from HilbertTest (0 ms total)

[----------] Global test environment tear-down
[==========] 1 test from 1 test suite ran. (0 ms total)
[  PASSED  ] 1 test.
<end of output>
Test time =   0.00 sec
----------------------------------------------------------
Test Passed.
"HilbertTest.toHilbertMat" end time: Jun 19 14:45 EDT
"HilbertTest.toHilbertMat" time elapsed: 00:00:00
----------------------------------------------------------

End testing: Jun 19 14:45 EDT
