Start testing: Jun 19 13:46 EDT
----------------------------------------------------------
1/7 Testing: AudioManagerTest.someTest
1/7 Test: AudioManagerTest.someTest
Command: "/home/milianingco/Research/SBS/build/gtests/sbstests" "--gtest_filter=AudioManagerTest.someTest" "--gtest_also_run_disabled_tests"
Directory: /home/milianingco/Research/SBS/build/gtests
"AudioManagerTest.someTest" start time: Jun 19 13:46 EDT
Output:
----------------------------------------------------------
Running main() from /home/milianingco/Research/SBS/build/_deps/googletest-src/googletest/src/gtest_main.cc
Note: Google Test filter = AudioManagerTest.someTest
[==========] Running 1 test from 1 test suite.
[----------] Global test environment set-up.
[----------] 1 test from AudioManagerTest
[ RUN      ] AudioManagerTest.someTest
Testing something idk man
[       OK ] AudioManagerTest.someTest (0 ms)
[----------] 1 test from AudioManagerTest (0 ms total)

[----------] Global test environment tear-down
[==========] 1 test from 1 test suite ran. (0 ms total)
[  PASSED  ] 1 test.
<end of output>
Test time =   0.00 sec
----------------------------------------------------------
Test Passed.
"AudioManagerTest.someTest" end time: Jun 19 13:46 EDT
"AudioManagerTest.someTest" time elapsed: 00:00:00
----------------------------------------------------------

2/7 Testing: CameraDepthTest.captureImage
2/7 Test: CameraDepthTest.captureImage
Command: "/home/milianingco/Research/SBS/build/gtests/sbstests" "--gtest_filter=CameraDepthTest.captureImage" "--gtest_also_run_disabled_tests"
Directory: /home/milianingco/Research/SBS/build/gtests
"CameraDepthTest.captureImage" start time: Jun 19 13:46 EDT
Output:
----------------------------------------------------------
Running main() from /home/milianingco/Research/SBS/build/_deps/googletest-src/googletest/src/gtest_main.cc
Note: Google Test filter = CameraDepthTest.captureImage
[==========] Running 1 test from 1 test suite.
[----------] Global test environment set-up.
[----------] 1 test from CameraDepthTest
[ RUN      ] CameraDepthTest.captureImage
Testing capturing images
[       OK ] CameraDepthTest.captureImage (0 ms)
[----------] 1 test from CameraDepthTest (0 ms total)

[----------] Global test environment tear-down
[==========] 1 test from 1 test suite ran. (0 ms total)
[  PASSED  ] 1 test.
<end of output>
Test time =   0.00 sec
----------------------------------------------------------
Test Passed.
"CameraDepthTest.captureImage" end time: Jun 19 13:46 EDT
"CameraDepthTest.captureImage" time elapsed: 00:00:00
----------------------------------------------------------

3/7 Testing: HilbertTest.toHilbert2D
3/7 Test: HilbertTest.toHilbert2D
Command: "/home/milianingco/Research/SBS/build/gtests/sbstests" "--gtest_filter=HilbertTest.toHilbert2D" "--gtest_also_run_disabled_tests"
Directory: /home/milianingco/Research/SBS/build/gtests
"HilbertTest.toHilbert2D" start time: Jun 19 13:46 EDT
Output:
----------------------------------------------------------
Running main() from /home/milianingco/Research/SBS/build/_deps/googletest-src/googletest/src/gtest_main.cc
Note: Google Test filter = HilbertTest.toHilbert2D
[==========] Running 1 test from 1 test suite.
[----------] Global test environment set-up.
[----------] 1 test from HilbertTest
[ RUN      ] HilbertTest.toHilbert2D
unknown file: Failure
C++ exception with description "vector::_M_range_check: __n (which is 0) >= this->size() (which is 0)" thrown in SetUp().
[  FAILED  ] HilbertTest.toHilbert2D (0 ms)
[----------] 1 test from HilbertTest (0 ms total)

[----------] Global test environment tear-down
[==========] 1 test from 1 test suite ran. (0 ms total)
[  PASSED  ] 0 tests.
[  FAILED  ] 1 test, listed below:
[  FAILED  ] HilbertTest.toHilbert2D

 1 FAILED TEST
<end of output>
Test time =   0.00 sec
----------------------------------------------------------
Test Failed.
"HilbertTest.toHilbert2D" end time: Jun 19 13:46 EDT
"HilbertTest.toHilbert2D" time elapsed: 00:00:00
----------------------------------------------------------

4/7 Testing: HilbertTest.toHilbert1D
4/7 Test: HilbertTest.toHilbert1D
Command: "/home/milianingco/Research/SBS/build/gtests/sbstests" "--gtest_filter=HilbertTest.toHilbert1D" "--gtest_also_run_disabled_tests"
Directory: /home/milianingco/Research/SBS/build/gtests
"HilbertTest.toHilbert1D" start time: Jun 19 13:46 EDT
Output:
----------------------------------------------------------
Running main() from /home/milianingco/Research/SBS/build/_deps/googletest-src/googletest/src/gtest_main.cc
Note: Google Test filter = HilbertTest.toHilbert1D
[==========] Running 1 test from 1 test suite.
[----------] Global test environment set-up.
[----------] 1 test from HilbertTest
[ RUN      ] HilbertTest.toHilbert1D
unknown file: Failure
C++ exception with description "vector::_M_range_check: __n (which is 0) >= this->size() (which is 0)" thrown in SetUp().
[  FAILED  ] HilbertTest.toHilbert1D (0 ms)
[----------] 1 test from HilbertTest (0 ms total)

[----------] Global test environment tear-down
[==========] 1 test from 1 test suite ran. (0 ms total)
[  PASSED  ] 0 tests.
[  FAILED  ] 1 test, listed below:
[  FAILED  ] HilbertTest.toHilbert1D

 1 FAILED TEST
<end of output>
Test time =   0.00 sec
----------------------------------------------------------
Test Failed.
"HilbertTest.toHilbert1D" end time: Jun 19 13:46 EDT
"HilbertTest.toHilbert1D" time elapsed: 00:00:00
----------------------------------------------------------

5/7 Testing: HilbertTest.toHilbertMat
5/7 Test: HilbertTest.toHilbertMat
Command: "/home/milianingco/Research/SBS/build/gtests/sbstests" "--gtest_filter=HilbertTest.toHilbertMat" "--gtest_also_run_disabled_tests"
Directory: /home/milianingco/Research/SBS/build/gtests
"HilbertTest.toHilbertMat" start time: Jun 19 13:46 EDT
Output:
----------------------------------------------------------
Running main() from /home/milianingco/Research/SBS/build/_deps/googletest-src/googletest/src/gtest_main.cc
Note: Google Test filter = HilbertTest.toHilbertMat
[==========] Running 1 test from 1 test suite.
[----------] Global test environment set-up.
[----------] 1 test from HilbertTest
[ RUN      ] HilbertTest.toHilbertMat
unknown file: Failure
C++ exception with description "vector::_M_range_check: __n (which is 0) >= this->size() (which is 0)" thrown in SetUp().
[  FAILED  ] HilbertTest.toHilbertMat (0 ms)
[----------] 1 test from HilbertTest (0 ms total)

[----------] Global test environment tear-down
[==========] 1 test from 1 test suite ran. (0 ms total)
[  PASSED  ] 0 tests.
[  FAILED  ] 1 test, listed below:
[  FAILED  ] HilbertTest.toHilbertMat

 1 FAILED TEST
<end of output>
Test time =   0.00 sec
----------------------------------------------------------
Test Failed.
"HilbertTest.toHilbertMat" end time: Jun 19 13:46 EDT
"HilbertTest.toHilbertMat" time elapsed: 00:00:00
----------------------------------------------------------

6/7 Testing: SettingsTest.loadFile
6/7 Test: SettingsTest.loadFile
Command: "/home/milianingco/Research/SBS/build/gtests/sbstests" "--gtest_filter=SettingsTest.loadFile" "--gtest_also_run_disabled_tests"
Directory: /home/milianingco/Research/SBS/build/gtests
"SettingsTest.loadFile" start time: Jun 19 13:46 EDT
Output:
----------------------------------------------------------
Running main() from /home/milianingco/Research/SBS/build/_deps/googletest-src/googletest/src/gtest_main.cc
Note: Google Test filter = SettingsTest.loadFile
[==========] Running 1 test from 1 test suite.
[----------] Global test environment set-up.
[----------] 1 test from SettingsTest
[ RUN      ] SettingsTest.loadFile
Testing settings
[       OK ] SettingsTest.loadFile (0 ms)
[----------] 1 test from SettingsTest (0 ms total)

[----------] Global test environment tear-down
[==========] 1 test from 1 test suite ran. (0 ms total)
[  PASSED  ] 1 test.
<end of output>
Test time =   0.00 sec
----------------------------------------------------------
Test Passed.
"SettingsTest.loadFile" end time: Jun 19 13:46 EDT
"SettingsTest.loadFile" time elapsed: 00:00:00
----------------------------------------------------------

7/7 Testing: SightBySoundTest.testing
7/7 Test: SightBySoundTest.testing
Command: "/home/milianingco/Research/SBS/build/gtests/sbstests" "--gtest_filter=SightBySoundTest.testing" "--gtest_also_run_disabled_tests"
Directory: /home/milianingco/Research/SBS/build/gtests
"SightBySoundTest.testing" start time: Jun 19 13:46 EDT
Output:
----------------------------------------------------------
Running main() from /home/milianingco/Research/SBS/build/_deps/googletest-src/googletest/src/gtest_main.cc
Note: Google Test filter = SightBySoundTest.testing
[==========] Running 1 test from 1 test suite.
[----------] Global test environment set-up.
[----------] 1 test from SightBySoundTest
[ RUN      ] SightBySoundTest.testing
Testing another thing
[       OK ] SightBySoundTest.testing (0 ms)
[----------] 1 test from SightBySoundTest (0 ms total)

[----------] Global test environment tear-down
[==========] 1 test from 1 test suite ran. (0 ms total)
[  PASSED  ] 1 test.
<end of output>
Test time =   0.00 sec
----------------------------------------------------------
Test Passed.
"SightBySoundTest.testing" end time: Jun 19 13:46 EDT
"SightBySoundTest.testing" time elapsed: 00:00:00
----------------------------------------------------------

End testing: Jun 19 13:46 EDT
